{
  "uid" : "8265b876e4d40ab",
  "name" : "Test select date in calendar",
  "fullName" : "tests.test_date_picker.TestDatePicker#test_select_date",
  "historyId" : "ff6891e13abf1975e2a4893c3b90a1b1",
  "time" : {
    "start" : 1738147227063,
    "stop" : 1738147230181,
    "duration" : 3118
  },
  "status" : "failed",
  "statusMessage" : "AssertionError: Expected value '12/03/1903' but got '01/03/1904'",
  "statusTrace" : "self = <test_date_picker.TestDatePicker object at 0x7f8cd09a6510>\n\n    @allure.title(\"Test select date in calendar\")\n    @pytest.mark.smoke\n    def test_select_date(self):\n        self.date_picker.open()\n        self.date_picker.is_opened()\n        self.date_picker.select_date()\n>       self.date_picker.verify_date()\n\ntests/test_date_picker.py:14: \n_ _ _ _ _ _ _ _ _ _ _ _ _ _ _ _ _ _ _ _ _ _ _ _ _ _ _ _ _ _ _ _ _ _ _ _ _ _ _ _ \npages/date_picker.py:61: in verify_date\n    self.check_element_value(self.DATE_CALENDAR, actual_date)\n_ _ _ _ _ _ _ _ _ _ _ _ _ _ _ _ _ _ _ _ _ _ _ _ _ _ _ _ _ _ _ _ _ _ _ _ _ _ _ _ \n\nself = <pages.date_picker.DatePicker object at 0x7f8cd036dee0>\nlocator = ('xpath', \"//input[@id='datePickerMonthYearInput']\")\nnew_value = '12/03/1903', slicing = None\n\n    def check_element_value(self, locator, new_value, slicing=None):\n        with allure.step(f\"Wait for element located by {locator} to change new value '{new_value}'\"):\n            element = self.wait.until(EC.visibility_of_element_located(locator))\n            actual_value = element.get_attribute('value')\n            actual_value = slicing(actual_value) if slicing else actual_value\n>           assert str(new_value).lower().strip() == str(actual_value).lower().strip(), f\"Expected value '{new_value}' but got '{actual_value}'\"\nE           AssertionError: Expected value '12/03/1903' but got '01/03/1904'\n\nbase/base_page.py:74: AssertionError",
  "flaky" : true,
  "newFailed" : true,
  "beforeStages" : [ {
    "name" : "driver",
    "time" : {
      "start" : 1738147226649,
      "stop" : 1738147226960,
      "duration" : 311
    },
    "status" : "passed",
    "steps" : [ ],
    "attachments" : [ ],
    "parameters" : [ ],
    "attachmentsCount" : 0,
    "shouldDisplayMessage" : false,
    "stepsCount" : 0,
    "hasContent" : false
  }, {
    "name" : "setup",
    "time" : {
      "start" : 1738147226960,
      "stop" : 1738147227062,
      "duration" : 102
    },
    "status" : "passed",
    "steps" : [ ],
    "attachments" : [ ],
    "parameters" : [ ],
    "attachmentsCount" : 0,
    "shouldDisplayMessage" : false,
    "stepsCount" : 0,
    "hasContent" : false
  }, {
    "name" : "_session_faker",
    "time" : {
      "start" : 1738147100176,
      "stop" : 1738147100252,
      "duration" : 76
    },
    "status" : "passed",
    "steps" : [ ],
    "attachments" : [ ],
    "parameters" : [ ],
    "attachmentsCount" : 0,
    "shouldDisplayMessage" : false,
    "stepsCount" : 0,
    "hasContent" : false
  } ],
  "testStage" : {
    "status" : "failed",
    "statusMessage" : "AssertionError: Expected value '12/03/1903' but got '01/03/1904'",
    "statusTrace" : "self = <test_date_picker.TestDatePicker object at 0x7f8cd09a6510>\n\n    @allure.title(\"Test select date in calendar\")\n    @pytest.mark.smoke\n    def test_select_date(self):\n        self.date_picker.open()\n        self.date_picker.is_opened()\n        self.date_picker.select_date()\n>       self.date_picker.verify_date()\n\ntests/test_date_picker.py:14: \n_ _ _ _ _ _ _ _ _ _ _ _ _ _ _ _ _ _ _ _ _ _ _ _ _ _ _ _ _ _ _ _ _ _ _ _ _ _ _ _ \npages/date_picker.py:61: in verify_date\n    self.check_element_value(self.DATE_CALENDAR, actual_date)\n_ _ _ _ _ _ _ _ _ _ _ _ _ _ _ _ _ _ _ _ _ _ _ _ _ _ _ _ _ _ _ _ _ _ _ _ _ _ _ _ \n\nself = <pages.date_picker.DatePicker object at 0x7f8cd036dee0>\nlocator = ('xpath', \"//input[@id='datePickerMonthYearInput']\")\nnew_value = '12/03/1903', slicing = None\n\n    def check_element_value(self, locator, new_value, slicing=None):\n        with allure.step(f\"Wait for element located by {locator} to change new value '{new_value}'\"):\n            element = self.wait.until(EC.visibility_of_element_located(locator))\n            actual_value = element.get_attribute('value')\n            actual_value = slicing(actual_value) if slicing else actual_value\n>           assert str(new_value).lower().strip() == str(actual_value).lower().strip(), f\"Expected value '{new_value}' but got '{actual_value}'\"\nE           AssertionError: Expected value '12/03/1903' but got '01/03/1904'\n\nbase/base_page.py:74: AssertionError",
    "steps" : [ {
      "name" : "Open https://demoqa.com/date-picker page",
      "time" : {
        "start" : 1738147227063,
        "stop" : 1738147228441,
        "duration" : 1378
      },
      "status" : "passed",
      "steps" : [ ],
      "attachments" : [ ],
      "parameters" : [ ],
      "attachmentsCount" : 0,
      "shouldDisplayMessage" : false,
      "stepsCount" : 0,
      "hasContent" : false
    }, {
      "name" : "Page https://demoqa.com/date-picker is opened",
      "time" : {
        "start" : 1738147228441,
        "stop" : 1738147228445,
        "duration" : 4
      },
      "status" : "passed",
      "steps" : [ ],
      "attachments" : [ ],
      "parameters" : [ ],
      "attachmentsCount" : 0,
      "shouldDisplayMessage" : false,
      "stepsCount" : 0,
      "hasContent" : false
    }, {
      "name" : "Select date in calendar",
      "time" : {
        "start" : 1738147228445,
        "stop" : 1738147230164,
        "duration" : 1719
      },
      "status" : "passed",
      "steps" : [ {
        "name" : "Check if element located by ('xpath', \"//input[@id='datePickerMonthYearInput']\") is clickable",
        "time" : {
          "start" : 1738147228445,
          "stop" : 1738147228466,
          "duration" : 21
        },
        "status" : "passed",
        "steps" : [ ],
        "attachments" : [ ],
        "parameters" : [ ],
        "attachmentsCount" : 0,
        "shouldDisplayMessage" : false,
        "stepsCount" : 0,
        "hasContent" : false
      }, {
        "name" : "Check presence of element located by ('xpath', \"//select[@class='react-datepicker__year-select']\")",
        "time" : {
          "start" : 1738147228542,
          "stop" : 1738147228579,
          "duration" : 37
        },
        "status" : "passed",
        "steps" : [ ],
        "attachments" : [ ],
        "parameters" : [ ],
        "attachmentsCount" : 0,
        "shouldDisplayMessage" : false,
        "stepsCount" : 0,
        "hasContent" : false
      }, {
        "name" : "Check presence of element located by ('xpath', \"//select[@class='react-datepicker__month-select']\")",
        "time" : {
          "start" : 1738147228918,
          "stop" : 1738147229010,
          "duration" : 92
        },
        "status" : "passed",
        "steps" : [ ],
        "attachments" : [ ],
        "parameters" : [ ],
        "attachmentsCount" : 0,
        "shouldDisplayMessage" : false,
        "stepsCount" : 0,
        "hasContent" : false
      }, {
        "name" : "Check presence of elements located by ('xpath', \"//div[@role='option']\")",
        "time" : {
          "start" : 1738147229365,
          "stop" : 1738147229471,
          "duration" : 106
        },
        "status" : "passed",
        "steps" : [ ],
        "attachments" : [ ],
        "parameters" : [ ],
        "attachmentsCount" : 0,
        "shouldDisplayMessage" : false,
        "stepsCount" : 0,
        "hasContent" : false
      }, {
        "name" : "Get all elements from the list",
        "time" : {
          "start" : 1738147230122,
          "stop" : 1738147230122,
          "duration" : 0
        },
        "status" : "passed",
        "steps" : [ ],
        "attachments" : [ ],
        "parameters" : [ ],
        "attachmentsCount" : 0,
        "shouldDisplayMessage" : false,
        "stepsCount" : 0,
        "hasContent" : false
      } ],
      "attachments" : [ ],
      "parameters" : [ ],
      "attachmentsCount" : 0,
      "shouldDisplayMessage" : false,
      "stepsCount" : 5,
      "hasContent" : true
    }, {
      "name" : "Verify date",
      "time" : {
        "start" : 1738147230164,
        "stop" : 1738147230181,
        "duration" : 17
      },
      "status" : "failed",
      "statusMessage" : "AssertionError: Expected value '12/03/1903' but got '01/03/1904'\n",
      "statusTrace" : "  File \"/usr/local/lib/python3.12/site-packages/allure_commons/_allure.py\", line 192, in impl\n    return func(*a, **kw)\n           ^^^^^^^^^^^^^^\n  File \"/usr/workspace/pages/date_picker.py\", line 61, in verify_date\n    self.check_element_value(self.DATE_CALENDAR, actual_date)\n  File \"/usr/workspace/base/base_page.py\", line 74, in check_element_value\n    assert str(new_value).lower().strip() == str(actual_value).lower().strip(), f\"Expected value '{new_value}' but got '{actual_value}'\"\n",
      "steps" : [ {
        "name" : "Wait for element located by ('xpath', \"//input[@id='datePickerMonthYearInput']\") to change new value '12/03/1903'",
        "time" : {
          "start" : 1738147230164,
          "stop" : 1738147230180,
          "duration" : 16
        },
        "status" : "failed",
        "statusMessage" : "AssertionError: Expected value '12/03/1903' but got '01/03/1904'\n",
        "statusTrace" : "  File \"/usr/workspace/base/base_page.py\", line 74, in check_element_value\n    assert str(new_value).lower().strip() == str(actual_value).lower().strip(), f\"Expected value '{new_value}' but got '{actual_value}'\"\n",
        "steps" : [ ],
        "attachments" : [ ],
        "parameters" : [ ],
        "attachmentsCount" : 0,
        "shouldDisplayMessage" : true,
        "stepsCount" : 0,
        "hasContent" : true
      } ],
      "attachments" : [ ],
      "parameters" : [ ],
      "attachmentsCount" : 0,
      "shouldDisplayMessage" : false,
      "stepsCount" : 1,
      "hasContent" : true
    } ],
    "attachments" : [ ],
    "parameters" : [ ],
    "attachmentsCount" : 0,
    "shouldDisplayMessage" : true,
    "stepsCount" : 10,
    "hasContent" : true
  },
  "afterStages" : [ {
    "name" : "driver::0",
    "time" : {
      "start" : 1738147230222,
      "stop" : 1738147230275,
      "duration" : 53
    },
    "status" : "passed",
    "steps" : [ ],
    "attachments" : [ ],
    "parameters" : [ ],
    "attachmentsCount" : 0,
    "shouldDisplayMessage" : false,
    "stepsCount" : 0,
    "hasContent" : false
  } ],
  "labels" : [ {
    "name" : "feature",
    "value" : "Widgets"
  }, {
    "name" : "tag",
    "value" : "smoke"
  }, {
    "name" : "parentSuite",
    "value" : "tests"
  }, {
    "name" : "suite",
    "value" : "test_date_picker"
  }, {
    "name" : "subSuite",
    "value" : "TestDatePicker"
  }, {
    "name" : "host",
    "value" : "8711ca93d77b"
  }, {
    "name" : "thread",
    "value" : "1-MainThread"
  }, {
    "name" : "framework",
    "value" : "pytest"
  }, {
    "name" : "language",
    "value" : "cpython3"
  }, {
    "name" : "package",
    "value" : "tests.test_date_picker"
  }, {
    "name" : "resultFormat",
    "value" : "allure2"
  } ],
  "parameters" : [ ],
  "links" : [ ],
  "hidden" : false,
  "retry" : false,
  "extra" : {
    "severity" : "normal",
    "retries" : [ ],
    "categories" : [ {
      "name" : "Product defects",
      "matchedStatuses" : [ ],
      "flaky" : false
    } ],
    "history" : {
      "statistic" : {
        "failed" : 2,
        "broken" : 0,
        "skipped" : 0,
        "passed" : 1,
        "unknown" : 0,
        "total" : 3
      },
      "items" : [ {
        "uid" : "7ab2db3ce1397abf",
        "status" : "passed",
        "time" : {
          "start" : 1738075519377,
          "stop" : 1738075528088,
          "duration" : 8711
        }
      }, {
        "uid" : "96781d36e8c836d2",
        "status" : "failed",
        "statusDetails" : "AssertionError: Expected value '06/08/2055' but got '07/08/2055'",
        "time" : {
          "start" : 1731657590476,
          "stop" : 1731657729628,
          "duration" : 139152
        }
      } ]
    },
    "tags" : [ "smoke" ]
  },
  "source" : "8265b876e4d40ab.json",
  "parameterValues" : [ ]
}